<?xml version="1.0" encoding="UTF-8"?>
<robot generator="Robot 7.0.1 (Python 3.12.4 on linux)" generated="2024-09-18T12:23:24.496906" rpa="false" schemaversion="5">
<suite id="s1" name="Tests" source="/home/bruna/tarefa_robot/tests/tests.robot">
<test id="s1-t1" name="Cenário 1- cadastrar nova empresa" line="9">
<kw name="Abrir o navegador" owner="tests" type="SETUP">
<kw name="Open Browser" owner="SeleniumLibrary">
<msg time="2024-09-18T12:23:24.786259" level="INFO">Opening browser 'chrome' to base url 'None'.</msg>
<arg>browser=chrome</arg>
<doc>Opens a new browser instance to the optional ``url``.</doc>
<status status="PASS" start="2024-09-18T12:23:24.785517" elapsed="0.919739"/>
</kw>
<kw name="Maximize Browser Window" owner="SeleniumLibrary">
<doc>Maximizes current browser window.</doc>
<status status="PASS" start="2024-09-18T12:23:25.705613" elapsed="0.017955"/>
</kw>
<status status="PASS" start="2024-09-18T12:23:24.782327" elapsed="0.941646"/>
</kw>
<kw name="Logar no sistema" owner="tests">
<kw name="Abrir o navegador" owner="tests">
<kw name="Open Browser" owner="SeleniumLibrary">
<msg time="2024-09-18T12:23:25.743107" level="INFO">Opening browser 'chrome' to base url 'None'.</msg>
<arg>browser=chrome</arg>
<doc>Opens a new browser instance to the optional ``url``.</doc>
<status status="PASS" start="2024-09-18T12:23:25.741910" elapsed="1.177121"/>
</kw>
<kw name="Maximize Browser Window" owner="SeleniumLibrary">
<doc>Maximizes current browser window.</doc>
<status status="PASS" start="2024-09-18T12:23:26.919595" elapsed="0.022974"/>
</kw>
<status status="PASS" start="2024-09-18T12:23:25.728933" elapsed="1.213994"/>
</kw>
<kw name="Acessar a pagina de login" owner="tests">
<kw name="Go To" owner="SeleniumLibrary">
<msg time="2024-09-18T12:23:26.945311" level="INFO">Opening url 'https://automacao.qacoders-academy.com.br/login'</msg>
<arg>url=${urlBase}</arg>
<doc>Navigates the current browser window to the provided ``url``.</doc>
<status status="PASS" start="2024-09-18T12:23:26.944659" elapsed="6.991686"/>
</kw>
<status status="PASS" start="2024-09-18T12:23:26.943564" elapsed="6.992989"/>
</kw>
<kw name="Digitar um e-mail valido" owner="tests">
<kw name="Wait Until Element Is Visible" owner="SeleniumLibrary">
<arg>locator=${emailInput}</arg>
<doc>Waits until the element ``locator`` is visible.</doc>
<status status="PASS" start="2024-09-18T12:23:33.937353" elapsed="0.080111"/>
</kw>
<kw name="Input Text" owner="SeleniumLibrary">
<msg time="2024-09-18T12:23:34.018877" level="INFO">Typing text 'sysadmin@qacoders.com' into text field 'id=email'.</msg>
<arg>locator=${emailInput}</arg>
<arg>text=${emailValido}</arg>
<doc>Types the given ``text`` into the text field identified by ``locator``.</doc>
<status status="PASS" start="2024-09-18T12:23:34.017967" elapsed="0.288652"/>
</kw>
<status status="PASS" start="2024-09-18T12:23:33.936867" elapsed="0.370065"/>
</kw>
<kw name="Digitar uma senha valida" owner="tests">
<kw name="Wait Until Element Is Visible" owner="SeleniumLibrary">
<arg>locator=${senhaInput}</arg>
<doc>Waits until the element ``locator`` is visible.</doc>
<status status="PASS" start="2024-09-18T12:23:34.309208" elapsed="0.038151"/>
</kw>
<kw name="Input Password" owner="SeleniumLibrary">
<msg time="2024-09-18T12:23:34.348896" level="INFO">Typing password into text field 'id=password'.</msg>
<msg time="2024-09-18T12:23:34.411793" level="INFO">Temporally setting log level to: NONE</msg>
<arg>locator=${senhaInput}</arg>
<arg>password=${senhaValida}</arg>
<doc>Types the given password into the text field identified by ``locator``.</doc>
<status status="PASS" start="2024-09-18T12:23:34.347855" elapsed="0.182278"/>
</kw>
<status status="PASS" start="2024-09-18T12:23:34.307563" elapsed="0.222884"/>
</kw>
<kw name="Clicar no botao entrar" owner="tests">
<kw name="Wait Until Element Is Visible" owner="SeleniumLibrary">
<arg>locator=${botaoInput}</arg>
<doc>Waits until the element ``locator`` is visible.</doc>
<status status="PASS" start="2024-09-18T12:23:34.531849" elapsed="0.032965"/>
</kw>
<kw name="Click Button" owner="SeleniumLibrary">
<msg time="2024-09-18T12:23:34.565844" level="INFO">Clicking button 'id=login'.</msg>
<arg>locator=${botaoInput}</arg>
<doc>Clicks the button identified by ``locator``.</doc>
<status status="PASS" start="2024-09-18T12:23:34.565276" elapsed="0.132171"/>
</kw>
<status status="PASS" start="2024-09-18T12:23:34.530993" elapsed="0.166714"/>
</kw>
<status status="PASS" start="2024-09-18T12:23:25.728026" elapsed="8.969844"/>
</kw>
<kw name="Abrir modal novo cadastro de empresa" owner="tests">
<kw name="Clicar no menu cadastros" owner="tests">
<kw name="Wait Until Element Is Visible" owner="SeleniumLibrary">
<arg>locator=${menuCadastros}</arg>
<doc>Waits until the element ``locator`` is visible.</doc>
<status status="PASS" start="2024-09-18T12:23:34.699639" elapsed="1.382665"/>
</kw>
<kw name="Click Element" owner="SeleniumLibrary">
<msg time="2024-09-18T12:23:36.083551" level="INFO">Clicking element 'id=Cadastros'.</msg>
<msg time="2024-09-18T12:23:36.338718" level="INFO" html="true">&lt;/td&gt;&lt;/tr&gt;&lt;tr&gt;&lt;td colspan="3"&gt;&lt;a href="selenium-screenshot-25.png"&gt;&lt;img src="selenium-screenshot-25.png" width="800px"&gt;&lt;/a&gt;</msg>
<msg time="2024-09-18T12:23:36.339247" level="FAIL">StaleElementReferenceException: Message: stale element reference: stale element not found in the current frame
  (Session info: chrome=126.0.6478.182); For documentation on this error, please visit: https://www.selenium.dev/documentation/webdriver/troubleshooting/errors#stale-element-reference-exception
Stacktrace:
#0 0x55b631becc5a &lt;unknown&gt;
#1 0x55b6318cfe2c &lt;unknown&gt;
#2 0x55b6318d5539 &lt;unknown&gt;
#3 0x55b6318d72e5 &lt;unknown&gt;
#4 0x55b6318d736c &lt;unknown&gt;
#5 0x55b63191e2aa &lt;unknown&gt;
#6 0x55b631911001 &lt;unknown&gt;
#7 0x55b63193f5c2 &lt;unknown&gt;
#8 0x55b631910ad9 &lt;unknown&gt;
#9 0x55b63193f78e &lt;unknown&gt;
#10 0x55b63195e303 &lt;unknown&gt;
#11 0x55b63193f363 &lt;unknown&gt;
#12 0x55b63190f247 &lt;unknown&gt;
#13 0x55b63190fb9e &lt;unknown&gt;
#14 0x55b631bb322b &lt;unknown&gt;
#15 0x55b631bb72d1 &lt;unknown&gt;
#16 0x55b631b9eade &lt;unknown&gt;
#17 0x55b631bb7e32 &lt;unknown&gt;
#18 0x55b631b8377f &lt;unknown&gt;
#19 0x55b631bdc618 &lt;unknown&gt;
#20 0x55b631bdc7f0 &lt;unknown&gt;
#21 0x55b631bebd8c &lt;unknown&gt;
#22 0x7f194549e609 start_thread
</msg>
<arg>locator=${menuCadastros}</arg>
<doc>Click the element identified by ``locator``.</doc>
<status status="FAIL" start="2024-09-18T12:23:36.082843" elapsed="0.632345">StaleElementReferenceException: Message: stale element reference: stale element not found in the current frame
  (Session info: chrome=126.0.6478.182); For documentation on this error, please visit: https://www.selenium.dev/documentation/webdriver/troubleshooting/errors#stale-element-reference-exception
Stacktrace:
#0 0x55b631becc5a &lt;unknown&gt;
#1 0x55b6318cfe2c &lt;unknown&gt;
#2 0x55b6318d5539 &lt;unknown&gt;
#3 0x55b6318d72e5 &lt;unknown&gt;
#4 0x55b6318d736c &lt;unknown&gt;
#5 0x55b63191e2aa &lt;unknown&gt;
#6 0x55b631911001 &lt;unknown&gt;
#7 0x55b63193f5c2 &lt;unknown&gt;
#8 0x55b631910ad9 &lt;unknown&gt;
#9 0x55b63193f78e &lt;unknown&gt;
#10 0x55b63195e303 &lt;unknown&gt;
#11 0x55b63193f363 &lt;unknown&gt;
#12 0x55b63190f247 &lt;unknown&gt;
#13 0x55b63190fb9e &lt;unknown&gt;
#14 0x55b631bb322b &lt;unknown&gt;
#15 0x55b631bb72d1 &lt;unknown&gt;
#16 0x55b631b9eade &lt;unknown&gt;
#17 0x55b631bb7e32 &lt;unknown&gt;
#18 0x55b631b8377f &lt;unknown&gt;
#19 0x55b631bdc618 &lt;unknown&gt;
#20 0x55b631bdc7f0 &lt;unknown&gt;
#21 0x55b631bebd8c &lt;unknown&gt;
#22 0x7f194549e609 start_thread
</status>
</kw>
<kw name="Sleep" owner="BuiltIn">
<arg>5</arg>
<doc>Pauses the test executed for the given time.</doc>
<status status="NOT RUN" start="2024-09-18T12:23:36.716024" elapsed="0.000212"/>
</kw>
<status status="FAIL" start="2024-09-18T12:23:34.699174" elapsed="2.017743">StaleElementReferenceException: Message: stale element reference: stale element not found in the current frame
  (Session info: chrome=126.0.6478.182); For documentation on this error, please visit: https://www.selenium.dev/documentation/webdriver/troubleshooting/errors#stale-element-reference-exception
Stacktrace:
#0 0x55b631becc5a &lt;unknown&gt;
#1 0x55b6318cfe2c &lt;unknown&gt;
#2 0x55b6318d5539 &lt;unknown&gt;
#3 0x55b6318d72e5 &lt;unknown&gt;
#4 0x55b6318d736c &lt;unknown&gt;
#5 0x55b63191e2aa &lt;unknown&gt;
#6 0x55b631911001 &lt;unknown&gt;
#7 0x55b63193f5c2 &lt;unknown&gt;
#8 0x55b631910ad9 &lt;unknown&gt;
#9 0x55b63193f78e &lt;unknown&gt;
#10 0x55b63195e303 &lt;unknown&gt;
#11 0x55b63193f363 &lt;unknown&gt;
#12 0x55b63190f247 &lt;unknown&gt;
#13 0x55b63190fb9e &lt;unknown&gt;
#14 0x55b631bb322b &lt;unknown&gt;
#15 0x55b631bb72d1 &lt;unknown&gt;
#16 0x55b631b9eade &lt;unknown&gt;
#17 0x55b631bb7e32 &lt;unknown&gt;
#18 0x55b631b8377f &lt;unknown&gt;
#19 0x55b631bdc618 &lt;unknown&gt;
#20 0x55b631bdc7f0 &lt;unknown&gt;
#21 0x55b631bebd8c &lt;unknown&gt;
#22 0x7f194549e609 start_thread
</status>
</kw>
<kw name="Clicar no botao empresa" owner="tests">
<status status="NOT RUN" start="2024-09-18T12:23:36.718219" elapsed="0.000223"/>
</kw>
<kw name="Clicar no botao novo cadastro" owner="tests">
<status status="NOT RUN" start="2024-09-18T12:23:36.719115" elapsed="0.000143"/>
</kw>
<status status="FAIL" start="2024-09-18T12:23:34.698500" elapsed="2.021310">StaleElementReferenceException: Message: stale element reference: stale element not found in the current frame
  (Session info: chrome=126.0.6478.182); For documentation on this error, please visit: https://www.selenium.dev/documentation/webdriver/troubleshooting/errors#stale-element-reference-exception
Stacktrace:
#0 0x55b631becc5a &lt;unknown&gt;
#1 0x55b6318cfe2c &lt;unknown&gt;
#2 0x55b6318d5539 &lt;unknown&gt;
#3 0x55b6318d72e5 &lt;unknown&gt;
#4 0x55b6318d736c &lt;unknown&gt;
#5 0x55b63191e2aa &lt;unknown&gt;
#6 0x55b631911001 &lt;unknown&gt;
#7 0x55b63193f5c2 &lt;unknown&gt;
#8 0x55b631910ad9 &lt;unknown&gt;
#9 0x55b63193f78e &lt;unknown&gt;
#10 0x55b63195e303 &lt;unknown&gt;
#11 0x55b63193f363 &lt;unknown&gt;
#12 0x55b63190f247 &lt;unknown&gt;
#13 0x55b63190fb9e &lt;unknown&gt;
#14 0x55b631bb322b &lt;unknown&gt;
#15 0x55b631bb72d1 &lt;unknown&gt;
#16 0x55b631b9eade &lt;unknown&gt;
#17 0x55b631bb7e32 &lt;unknown&gt;
#18 0x55b631b8377f &lt;unknown&gt;
#19 0x55b631bdc618 &lt;unknown&gt;
#20 0x55b631bdc7f0 &lt;unknown&gt;
#21 0x55b631bebd8c &lt;unknown&gt;
#22 0x7f194549e609 start_thread
</status>
</kw>
<kw name="Preencher os dados da empresa" owner="tests">
<status status="NOT RUN" start="2024-09-18T12:23:36.721356" elapsed="0.000234"/>
</kw>
<kw name="Preencher os dados do endereço da empresa" owner="tests">
<status status="NOT RUN" start="2024-09-18T12:23:36.722889" elapsed="0.000180"/>
</kw>
<kw name="Escrolar ate o final" owner="tests">
<status status="NOT RUN" start="2024-09-18T12:23:36.724108" elapsed="0.000289"/>
</kw>
<kw name="Clicar no botao salvar novo" owner="tests">
<status status="NOT RUN" start="2024-09-18T12:23:36.725811" elapsed="0.000374"/>
</kw>
<kw name="Sleep" owner="BuiltIn">
<arg>10</arg>
<doc>Pauses the test executed for the given time.</doc>
<status status="NOT RUN" start="2024-09-18T12:23:36.727528" elapsed="0.000315"/>
</kw>
<kw name="Fechar o navegador" owner="tests" type="TEARDOWN">
<kw name="Close Browser" owner="SeleniumLibrary">
<doc>Closes the current browser.</doc>
<status status="PASS" start="2024-09-18T12:23:36.732375" elapsed="0.099545"/>
</kw>
<status status="PASS" start="2024-09-18T12:23:36.730239" elapsed="0.102050"/>
</kw>
<status status="FAIL" start="2024-09-18T12:23:24.780614" elapsed="12.052117">StaleElementReferenceException: Message: stale element reference: stale element not found in the current frame
  (Session info: chrome=126.0.6478.182); For documentation on this error, please visit: https://www.selenium.dev/documentation/webdriver/troubleshooting/errors#stale-element-reference-exception
Stacktrace:
#0 0x55b631becc5a &lt;unknown&gt;
#1 0x55b6318cfe2c &lt;unknown&gt;
#2 0x55b6318d5539 &lt;unknown&gt;
#3 0x55b6318d72e5 &lt;unknown&gt;
#4 0x55b6318d736c &lt;unknown&gt;
#5 0x55b63191e2aa &lt;unknown&gt;
#6 0x55b631911001 &lt;unknown&gt;
#7 0x55b63193f5c2 &lt;unknown&gt;
#8 0x55b631910ad9 &lt;unknown&gt;
#9 0x55b63193f78e &lt;unknown&gt;
#10 0x55b63195e303 &lt;unknown&gt;
#11 0x55b63193f363 &lt;unknown&gt;
#12 0x55b63190f247 &lt;unknown&gt;
#13 0x55b63190fb9e &lt;unknown&gt;
#14 0x55b631bb322b &lt;unknown&gt;
#15 0x55b631bb72d1 &lt;unknown&gt;
#16 0x55b631b9eade &lt;unknown&gt;
#17 0x55b631bb7e32 &lt;unknown&gt;
#18 0x55b631b8377f &lt;unknown&gt;
#19 0x55b631bdc618 &lt;unknown&gt;
#20 0x55b631bdc7f0 &lt;unknown&gt;
#21 0x55b631bebd8c &lt;unknown&gt;
#22 0x7f194549e609 start_thread
</status>
</test>
<test id="s1-t2" name="Cenário 2 - validar que o campo razao social e obrigatorio" line="18">
<kw name="Abrir o navegador" owner="tests" type="SETUP">
<kw name="Open Browser" owner="SeleniumLibrary">
<msg time="2024-09-18T12:23:36.836616" level="INFO">Opening browser 'chrome' to base url 'None'.</msg>
<arg>browser=chrome</arg>
<doc>Opens a new browser instance to the optional ``url``.</doc>
<status status="PASS" start="2024-09-18T12:23:36.836122" elapsed="1.125858"/>
</kw>
<kw name="Maximize Browser Window" owner="SeleniumLibrary">
<doc>Maximizes current browser window.</doc>
<status status="PASS" start="2024-09-18T12:23:37.962347" elapsed="0.077899"/>
</kw>
<status status="PASS" start="2024-09-18T12:23:36.835215" elapsed="1.205364"/>
</kw>
<kw name="Logar no sistema" owner="tests">
<kw name="Abrir o navegador" owner="tests">
<kw name="Open Browser" owner="SeleniumLibrary">
<msg time="2024-09-18T12:23:38.045517" level="INFO">Opening browser 'chrome' to base url 'None'.</msg>
<arg>browser=chrome</arg>
<doc>Opens a new browser instance to the optional ``url``.</doc>
<status status="PASS" start="2024-09-18T12:23:38.044997" elapsed="1.123229"/>
</kw>
<kw name="Maximize Browser Window" owner="SeleniumLibrary">
<doc>Maximizes current browser window.</doc>
<status status="PASS" start="2024-09-18T12:23:39.168699" elapsed="0.021625"/>
</kw>
<status status="PASS" start="2024-09-18T12:23:38.043938" elapsed="1.146758"/>
</kw>
<kw name="Acessar a pagina de login" owner="tests">
<kw name="Go To" owner="SeleniumLibrary">
<msg time="2024-09-18T12:23:39.193379" level="INFO">Opening url 'https://automacao.qacoders-academy.com.br/login'</msg>
<arg>url=${urlBase}</arg>
<doc>Navigates the current browser window to the provided ``url``.</doc>
<status status="PASS" start="2024-09-18T12:23:39.192660" elapsed="4.818913"/>
</kw>
<status status="PASS" start="2024-09-18T12:23:39.191351" elapsed="4.820513"/>
</kw>
<kw name="Digitar um e-mail valido" owner="tests">
<kw name="Wait Until Element Is Visible" owner="SeleniumLibrary">
<arg>locator=${emailInput}</arg>
<doc>Waits until the element ``locator`` is visible.</doc>
<status status="PASS" start="2024-09-18T12:23:44.013183" elapsed="0.077519"/>
</kw>
<kw name="Input Text" owner="SeleniumLibrary">
<msg time="2024-09-18T12:23:44.092089" level="INFO">Typing text 'sysadmin@qacoders.com' into text field 'id=email'.</msg>
<arg>locator=${emailInput}</arg>
<arg>text=${emailValido}</arg>
<doc>Types the given ``text`` into the text field identified by ``locator``.</doc>
<status status="PASS" start="2024-09-18T12:23:44.091210" elapsed="0.304272"/>
</kw>
<status status="PASS" start="2024-09-18T12:23:44.012361" elapsed="0.383315"/>
</kw>
<kw name="Digitar uma senha valida" owner="tests">
<kw name="Wait Until Element Is Visible" owner="SeleniumLibrary">
<arg>locator=${senhaInput}</arg>
<doc>Waits until the element ``locator`` is visible.</doc>
<status status="PASS" start="2024-09-18T12:23:44.396442" elapsed="0.037123"/>
</kw>
<kw name="Input Password" owner="SeleniumLibrary">
<msg time="2024-09-18T12:23:44.434956" level="INFO">Typing password into text field 'id=password'.</msg>
<msg time="2024-09-18T12:23:44.500924" level="INFO">Temporally setting log level to: NONE</msg>
<arg>locator=${senhaInput}</arg>
<arg>password=${senhaValida}</arg>
<doc>Types the given password into the text field identified by ``locator``.</doc>
<status status="PASS" start="2024-09-18T12:23:44.434040" elapsed="0.165361"/>
</kw>
<status status="PASS" start="2024-09-18T12:23:44.395968" elapsed="0.203717"/>
</kw>
<kw name="Clicar no botao entrar" owner="tests">
<kw name="Wait Until Element Is Visible" owner="SeleniumLibrary">
<arg>locator=${botaoInput}</arg>
<doc>Waits until the element ``locator`` is visible.</doc>
<status status="PASS" start="2024-09-18T12:23:44.600973" elapsed="0.038610"/>
</kw>
<kw name="Click Button" owner="SeleniumLibrary">
<msg time="2024-09-18T12:23:44.640305" level="INFO">Clicking button 'id=login'.</msg>
<arg>locator=${botaoInput}</arg>
<doc>Clicks the button identified by ``locator``.</doc>
<status status="PASS" start="2024-09-18T12:23:44.639891" elapsed="0.134134"/>
</kw>
<status status="PASS" start="2024-09-18T12:23:44.600283" elapsed="0.174080"/>
</kw>
<status status="PASS" start="2024-09-18T12:23:38.042470" elapsed="6.732145"/>
</kw>
<kw name="Abrir modal novo cadastro de empresa" owner="tests">
<kw name="Clicar no menu cadastros" owner="tests">
<kw name="Wait Until Element Is Visible" owner="SeleniumLibrary">
<msg time="2024-09-18T12:23:45.305461" level="INFO">Suppressing StaleElementReferenceException from Selenium.</msg>
<arg>locator=${menuCadastros}</arg>
<doc>Waits until the element ``locator`` is visible.</doc>
<status status="PASS" start="2024-09-18T12:23:44.777157" elapsed="0.775956"/>
</kw>
<kw name="Click Element" owner="SeleniumLibrary">
<msg time="2024-09-18T12:23:45.555438" level="INFO">Clicking element 'id=Cadastros'.</msg>
<arg>locator=${menuCadastros}</arg>
<doc>Click the element identified by ``locator``.</doc>
<status status="PASS" start="2024-09-18T12:23:45.554226" elapsed="0.124659"/>
</kw>
<kw name="Sleep" owner="BuiltIn">
<msg time="2024-09-18T12:23:50.680091" level="INFO">Slept 5 seconds.</msg>
<arg>5</arg>
<doc>Pauses the test executed for the given time.</doc>
<status status="PASS" start="2024-09-18T12:23:45.679341" elapsed="5.001078"/>
</kw>
<status status="PASS" start="2024-09-18T12:23:44.776028" elapsed="5.904781"/>
</kw>
<kw name="Clicar no botao empresa" owner="tests">
<kw name="Wait Until Element Is Visible" owner="SeleniumLibrary">
<arg>locator=${itemMenuEmpresa}</arg>
<doc>Waits until the element ``locator`` is visible.</doc>
<status status="PASS" start="2024-09-18T12:23:50.682662" elapsed="0.055217"/>
</kw>
<kw name="Click Element" owner="SeleniumLibrary">
<msg time="2024-09-18T12:23:50.739062" level="INFO">Clicking element 'id=Empresa'.</msg>
<arg>locator=${itemMenuEmpresa}</arg>
<doc>Click the element identified by ``locator``.</doc>
<status status="PASS" start="2024-09-18T12:23:50.738352" elapsed="0.082004"/>
</kw>
<kw name="Wait Until Element Is Visible" owner="SeleniumLibrary">
<arg>locator=${cadastro}</arg>
<doc>Waits until the element ``locator`` is visible.</doc>
<status status="PASS" start="2024-09-18T12:23:50.820794" elapsed="0.139724"/>
</kw>
<status status="PASS" start="2024-09-18T12:23:50.681494" elapsed="0.279479"/>
</kw>
<kw name="Clicar no botao novo cadastro" owner="tests">
<kw name="Wait Until Element Is Visible" owner="SeleniumLibrary">
<arg>locator=${botaoNovoCadastro}</arg>
<doc>Waits until the element ``locator`` is visible.</doc>
<status status="PASS" start="2024-09-18T12:23:50.962435" elapsed="0.044209"/>
</kw>
<kw name="Click Button" owner="SeleniumLibrary">
<msg time="2024-09-18T12:23:51.007897" level="INFO">Clicking button 'id=Novo Cadastro'.</msg>
<arg>locator=${botaoNovoCadastro}</arg>
<doc>Clicks the button identified by ``locator``.</doc>
<status status="PASS" start="2024-09-18T12:23:51.007161" elapsed="0.178704"/>
</kw>
<status status="PASS" start="2024-09-18T12:23:50.961500" elapsed="0.224701"/>
</kw>
<status status="PASS" start="2024-09-18T12:23:44.775341" elapsed="6.411074"/>
</kw>
<kw name="Validar campo razao social invalido" owner="tests">
<kw name="Preencher os dados da empresa" owner="tests">
<kw name="Wait Until Element Is Visible" owner="SeleniumLibrary">
<arg>locator=${dadosDaEmpresa}</arg>
<doc>Waits until the element ``locator`` is visible.</doc>
<status status="PASS" start="2024-09-18T12:23:51.189253" elapsed="0.062788"/>
</kw>
<kw name="Input Text" owner="SeleniumLibrary">
<msg time="2024-09-18T12:23:51.253378" level="INFO">Typing text 'razao social' into text field 'id=companyName'.</msg>
<arg>locator=${cadastroInputDadosDarazaoSocial}</arg>
<arg>text=razao social</arg>
<doc>Types the given ``text`` into the text field identified by ``locator``.</doc>
<status status="PASS" start="2024-09-18T12:23:51.252569" elapsed="0.446763"/>
</kw>
<kw name="Input Text" owner="SeleniumLibrary">
<msg time="2024-09-18T12:23:51.701954" level="INFO">Typing text 'nome fantasia' into text field 'id=fantasyName'.</msg>
<arg>locator=${CadastroInputNomeFantasyName}</arg>
<arg>text=nome fantasia</arg>
<doc>Types the given ``text`` into the text field identified by ``locator``.</doc>
<status status="PASS" start="2024-09-18T12:23:51.700028" elapsed="0.289712"/>
</kw>
<kw name="Input Text" owner="SeleniumLibrary">
<msg time="2024-09-18T12:23:51.990957" level="INFO">Typing text 'testt.test@gmail.com' into text field 'id=companyMail'.</msg>
<arg>locator=${CadastroInputEmail}</arg>
<arg>text=testt.test@gmail.com</arg>
<doc>Types the given ``text`` into the text field identified by ``locator``.</doc>
<status status="PASS" start="2024-09-18T12:23:51.990240" elapsed="0.339847"/>
</kw>
<kw name="Input Text" owner="SeleniumLibrary">
<msg time="2024-09-18T12:23:52.332294" level="INFO">Typing text '87696922000163' into text field '//input[contains(@name,'matriz')]'.</msg>
<arg>locator=${CadastroInputCampocnpj}</arg>
<arg>text=87696922000163</arg>
<doc>Types the given ``text`` into the text field identified by ``locator``.</doc>
<status status="PASS" start="2024-09-18T12:23:52.330615" elapsed="0.309980"/>
</kw>
<kw name="Input Text" owner="SeleniumLibrary">
<msg time="2024-09-18T12:23:52.642470" level="INFO">Typing text '19998215688' into text field 'id=telephone'.</msg>
<arg>locator=${CadastroInputTelephone}</arg>
<arg>text=19998215688</arg>
<doc>Types the given ``text`` into the text field identified by ``locator``.</doc>
<status status="PASS" start="2024-09-18T12:23:52.641302" elapsed="0.261982"/>
</kw>
<kw name="Input Text" owner="SeleniumLibrary">
<msg time="2024-09-18T12:23:52.904135" level="INFO">Typing text 'descricão do serviço' into text field 'id=serviceDescription'.</msg>
<arg>locator=${CadastroInputDescricaoDoServico}</arg>
<arg>text=descricão do serviço</arg>
<doc>Types the given ``text`` into the text field identified by ``locator``.</doc>
<status status="PASS" start="2024-09-18T12:23:52.903613" elapsed="0.278964"/>
</kw>
<kw name="Input Text" owner="SeleniumLibrary">
<msg time="2024-09-18T12:23:53.183450" level="INFO">Typing text 'nome do responsavel' into text field 'id=fullName'.</msg>
<arg>locator=${CadastroInputNomeDoResponsavel}</arg>
<arg>text=nome do responsavel</arg>
<doc>Types the given ``text`` into the text field identified by ``locator``.</doc>
<status status="PASS" start="2024-09-18T12:23:53.182991" elapsed="0.352202"/>
</kw>
<status status="PASS" start="2024-09-18T12:23:51.188324" elapsed="2.347429"/>
</kw>
<kw name="Preencher os dados do endereço da empresa" owner="tests">
<kw name="Wait Until Element Is Visible" owner="SeleniumLibrary">
<arg>locator=${dadosDoEnderecoDaEmpresa}</arg>
<doc>Waits until the element ``locator`` is visible.</doc>
<status status="PASS" start="2024-09-18T12:23:53.537924" elapsed="0.106623"/>
</kw>
<kw name="Input Text" owner="SeleniumLibrary">
<msg time="2024-09-18T12:23:53.646543" level="INFO">Typing text '13040018' into text field 'id=zipCode'.</msg>
<arg>locator=${EnderecoDaEmpresaInputcep}</arg>
<arg>text=13040018</arg>
<doc>Types the given ``text`` into the text field identified by ``locator``.</doc>
<status status="PASS" start="2024-09-18T12:23:53.645281" elapsed="0.225677"/>
</kw>
<kw name="Input Text" owner="SeleniumLibrary">
<msg time="2024-09-18T12:23:53.872128" level="INFO">Typing text 'País' into text field 'id=country'.</msg>
<arg>locator=${EnderecoDaEmpresaInputPaís}</arg>
<arg>text=País</arg>
<doc>Types the given ``text`` into the text field identified by ``locator``.</doc>
<status status="PASS" start="2024-09-18T12:23:53.871306" elapsed="0.232951"/>
</kw>
<kw name="Input Text" owner="SeleniumLibrary">
<msg time="2024-09-18T12:23:54.105346" level="INFO">Typing text 'cidade' into text field 'id=city'.</msg>
<arg>locator=${EnderecoDaEmpresaInputCidade}</arg>
<arg>text=cidade</arg>
<doc>Types the given ``text`` into the text field identified by ``locator``.</doc>
<status status="PASS" start="2024-09-18T12:23:54.104604" elapsed="0.234594"/>
</kw>
<kw name="Input Text" owner="SeleniumLibrary">
<msg time="2024-09-18T12:23:54.340265" level="INFO">Typing text 'SP' into text field 'id=state'.</msg>
<arg>locator=${EnderecoDaEmpresaInputEstado}</arg>
<arg>text=SP</arg>
<doc>Types the given ``text`` into the text field identified by ``locator``.</doc>
<status status="PASS" start="2024-09-18T12:23:54.339547" elapsed="0.194317"/>
</kw>
<kw name="Input Text" owner="SeleniumLibrary">
<msg time="2024-09-18T12:23:54.535514" level="INFO">Typing text 'bairro' into text field 'id=district'.</msg>
<arg>locator=${EnderecoDaEmpresaInputBairro}</arg>
<arg>text=bairro</arg>
<doc>Types the given ``text`` into the text field identified by ``locator``.</doc>
<status status="PASS" start="2024-09-18T12:23:54.534518" elapsed="0.229030"/>
</kw>
<kw name="Input Text" owner="SeleniumLibrary">
<msg time="2024-09-18T12:23:54.764339" level="INFO">Typing text 'rua' into text field 'id=street'.</msg>
<arg>locator=${EnderecoDaEmpresaInputRua}</arg>
<arg>text=rua</arg>
<doc>Types the given ``text`` into the text field identified by ``locator``.</doc>
<status status="PASS" start="2024-09-18T12:23:54.763859" elapsed="0.222503"/>
</kw>
<kw name="Input Text" owner="SeleniumLibrary">
<msg time="2024-09-18T12:23:54.988358" level="INFO">Typing text '50' into text field 'id=number'.</msg>
<arg>locator=${EnderecoDaEmpresaInputNumero}</arg>
<arg>text=50</arg>
<doc>Types the given ``text`` into the text field identified by ``locator``.</doc>
<status status="PASS" start="2024-09-18T12:23:54.987126" elapsed="0.204088"/>
</kw>
<kw name="Input Text" owner="SeleniumLibrary">
<msg time="2024-09-18T12:23:55.192792" level="INFO">Typing text 'complemento' into text field 'id=complement'.</msg>
<arg>locator=${EnderecoDaEmpresaInputComplemento}</arg>
<arg>text=complemento</arg>
<doc>Types the given ``text`` into the text field identified by ``locator``.</doc>
<status status="PASS" start="2024-09-18T12:23:55.191990" elapsed="0.209533"/>
</kw>
<status status="PASS" start="2024-09-18T12:23:53.536646" elapsed="1.865149"/>
</kw>
<kw name="Limpar campo" owner="tests">
<kw name="Press Keys" owner="SeleniumLibrary">
<msg time="2024-09-18T12:23:55.403490" level="INFO">Sending key(s) ('CTRL+A+BACKSPACE',) to id=companyName element.</msg>
<msg time="2024-09-18T12:23:55.766937" level="INFO">Pressing special key CONTROL down.</msg>
<msg time="2024-09-18T12:23:55.767063" level="INFO">Sending key A</msg>
<msg time="2024-09-18T12:23:55.767141" level="INFO">Pressing special key BACKSPACE down.</msg>
<msg time="2024-09-18T12:23:55.767199" level="INFO">Releasing special key CONTROL.</msg>
<msg time="2024-09-18T12:23:55.767252" level="INFO">Releasing special key BACKSPACE.</msg>
<arg>${locator}</arg>
<arg>CTRL+A+BACKSPACE</arg>
<doc>Simulates the user pressing key(s) to an element or on the active browser.</doc>
<status status="PASS" start="2024-09-18T12:23:55.402692" elapsed="0.432380"/>
</kw>
<arg>locator=id=companyName</arg>
<status status="PASS" start="2024-09-18T12:23:55.402106" elapsed="0.433305"/>
</kw>
<kw name="Clicar no botao salvar novo" owner="tests">
<kw name="Scroll Element Into View" owner="SeleniumLibrary">
<arg>locator=${botaoSalvarNovo}</arg>
<doc>Scrolls the element identified by ``locator`` into view.</doc>
<status status="PASS" start="2024-09-18T12:23:55.836756" elapsed="0.312647"/>
</kw>
<kw name="Wait Until Element Is Visible" owner="SeleniumLibrary">
<arg>locator=${botaoSalvarNovo}</arg>
<doc>Waits until the element ``locator`` is visible.</doc>
<status status="PASS" start="2024-09-18T12:23:56.151596" elapsed="0.067760"/>
</kw>
<kw name="Click Button" owner="SeleniumLibrary">
<msg time="2024-09-18T12:23:56.220817" level="INFO">Clicking button 'id=save'.</msg>
<arg>locator=${botaoSalvarNovo}</arg>
<doc>Clicks the button identified by ``locator``.</doc>
<status status="PASS" start="2024-09-18T12:23:56.219917" elapsed="0.174731"/>
</kw>
<status status="PASS" start="2024-09-18T12:23:55.835951" elapsed="0.559067"/>
</kw>
<kw name="Scroll Element Into View" owner="SeleniumLibrary">
<arg>locator=id=companyName</arg>
<doc>Scrolls the element identified by ``locator`` into view.</doc>
<status status="PASS" start="2024-09-18T12:23:56.395314" elapsed="0.284416"/>
</kw>
<kw name="Element Should Be Visible" owner="SeleniumLibrary">
<msg time="2024-09-18T12:23:56.726186" level="INFO">Element '//p[contains(.,'O campo razão social é obrigatório')]' is displayed.</msg>
<arg>locator=//p[contains(.,'O campo razão social é obrigatório')]</arg>
<doc>Verifies that the element identified by ``locator`` is visible.</doc>
<status status="PASS" start="2024-09-18T12:23:56.680262" elapsed="0.046188"/>
</kw>
<status status="PASS" start="2024-09-18T12:23:51.187151" elapsed="5.539712"/>
</kw>
<kw name="Sleep" owner="BuiltIn">
<msg time="2024-09-18T12:24:06.728781" level="INFO">Slept 10 seconds.</msg>
<arg>10</arg>
<doc>Pauses the test executed for the given time.</doc>
<status status="PASS" start="2024-09-18T12:23:56.728020" elapsed="10.001080"/>
</kw>
<kw name="Fechar o navegador" owner="tests" type="TEARDOWN">
<kw name="Close Browser" owner="SeleniumLibrary">
<doc>Closes the current browser.</doc>
<status status="PASS" start="2024-09-18T12:24:06.731671" elapsed="0.098391"/>
</kw>
<status status="PASS" start="2024-09-18T12:24:06.730440" elapsed="0.099811"/>
</kw>
<tag>02</tag>
<status status="PASS" start="2024-09-18T12:23:36.833804" elapsed="29.996651"/>
</test>
<status status="FAIL" start="2024-09-18T12:23:24.498462" elapsed="42.333172"/>
</suite>
<statistics>
<total>
<stat pass="1" fail="1" skip="0">All Tests</stat>
</total>
<tag>
<stat pass="1" fail="0" skip="0">02</stat>
</tag>
<suite>
<stat pass="1" fail="1" skip="0" id="s1" name="Tests">Tests</stat>
</suite>
</statistics>
<errors>
</errors>
</robot>
